[2026-06-30 15:14:32.991] [INFO] Client: /[0:0:0:0:0:0:0:1]:62199 | Method: GET | URI: /api/graph
[2026-06-30 15:14:33.024] [INFO] Client: /127.0.0.1:61157 | Method: GET | URI: /api/graph
[2026-06-30 15:14:33.027] [INFO] Client: /[0:0:0:0:0:0:0:1]:52243 | Method: GET | URI: /api/graph
[2026-06-30 15:14:33.677] [INFO] Client: /[0:0:0:0:0:0:0:1]:65253 | Method: GET | URI: /api/graph
[2026-06-30 15:14:34.674] [INFO] Client: /[0:0:0:0:0:0:0:1]:49290 | Method: GET | URI: /api/graph
[2026-06-30 15:14:35.680] [INFO] Client: /[0:0:0:0:0:0:0:1]:52386 | Method: GET | URI: /api/graph
[2026-06-30 15:14:36.672] [INFO] Client: /[0:0:0:0:0:0:0:1]:50521 | Method: GET | URI: /api/graph
[2026-06-30 15:14:37.676] [INFO] Client: /[0:0:0:0:0:0:0:1]:51893 | Method: GET | URI: /api/graph
[2026-06-30 15:14:38.683] [INFO] Client: /[0:0:0:0:0:0:0:1]:52124 | Method: GET | URI: /api/graph
[2026-06-30 15:14:39.669] [INFO] Client: /[0:0:0:0:0:0:0:1]:59569 | Method: GET | URI: /api/graph
[2026-06-30 15:14:40.676] [INFO] Client: /[0:0:0:0:0:0:0:1]:52661 | Method: GET | URI: /api/graph
[2026-06-30 15:14:41.675] [INFO] Client: /[0:0:0:0:0:0:0:1]:56415 | Method: GET | URI: /api/graph
[2026-06-30 15:14:42.674] [INFO] Client: /[0:0:0:0:0:0:0:1]:54909 | Method: GET | URI: /api/graph
[2026-06-30 15:14:43.674] [INFO] Client: /[0:0:0:0:0:0:0:1]:63208 | Method: GET | URI: /api/graph
[2026-06-30 15:14:44.674] [INFO] Client: /[0:0:0:0:0:0:0:1]:57529 | Method: GET | URI: /api/graph
[2026-06-30 15:14:45.682] [INFO] Client: /[0:0:0:0:0:0:0:1]:56348 | Method: GET | URI: /api/graph
[2026-06-30 15:14:46.671] [INFO] Client: /[0:0:0:0:0:0:0:1]:50289 | Method: GET | URI: /api/graph
[2026-06-30 15:14:47.677] [INFO] Client: /[0:0:0:0:0:0:0:1]:58561 | Method: GET | URI: /api/graph
[2026-06-30 15:14:48.673] [INFO] Client: /[0:0:0:0:0:0:0:1]:60814 | Method: GET | URI: /api/graph
[2026-06-30 15:14:49.672] [INFO] Client: /[0:0:0:0:0:0:0:1]:49232 | Method: GET | URI: /api/graph
[2026-06-30 15:14:50.674] [INFO] Client: /[0:0:0:0:0:0:0:1]:58256 | Method: GET | URI: /api/graph
[2026-06-30 15:14:51.675] [INFO] Client: /[0:0:0:0:0:0:0:1]:63243 | Method: GET | URI: /api/graph
[2026-06-30 15:14:52.204] [INFO] Client: /[0:0:0:0:0:0:0:1]:61414 | Method: GET | URI: /api/graph
[2026-06-30 15:14:52.673] [INFO] Client: /[0:0:0:0:0:0:0:1]:56261 | Method: GET | URI: /api/graph
[2026-06-30 15:14:53.682] [INFO] Client: /[0:0:0:0:0:0:0:1]:53513 | Method: GET | URI: /api/graph
[2026-06-30 15:14:54.676] [INFO] Client: /[0:0:0:0:0:0:0:1]:57016 | Method: GET | URI: /api/graph
[2026-06-30 15:14:55.668] [INFO] Client: /[0:0:0:0:0:0:0:1]:54882 | Method: GET | URI: /api/graph
[2026-06-30 15:14:56.675] [INFO] Client: /[0:0:0:0:0:0:0:1]:49808 | Method: GET | URI: /api/graph
[2026-06-30 15:14:57.680] [INFO] Client: /[0:0:0:0:0:0:0:1]:55742 | Method: GET | URI: /api/graph
[2026-06-30 15:14:58.679] [INFO] Client: /[0:0:0:0:0:0:0:1]:63868 | Method: GET | URI: /api/graph
[2026-06-30 15:14:59.666] [INFO] Client: /[0:0:0:0:0:0:0:1]:61204 | Method: GET | URI: /api/graph
[2026-06-30 15:15:00.668] [INFO] Client: /[0:0:0:0:0:0:0:1]:55784 | Method: GET | URI: /api/graph
[2026-06-30 15:15:01.681] [INFO] Client: /[0:0:0:0:0:0:0:1]:59671 | Method: GET | URI: /api/graph
[2026-06-30 15:15:02.679] [INFO] Client: /[0:0:0:0:0:0:0:1]:56791 | Method: GET | URI: /api/graph
[2026-06-30 15:15:03.678] [INFO] Client: /[0:0:0:0:0:0:0:1]:53592 | Method: GET | URI: /api/graph
[2026-06-30 15:15:04.673] [INFO] Client: /[0:0:0:0:0:0:0:1]:61460 | Method: GET | URI: /api/graph
[2026-06-30 15:15:05.672] [INFO] Client: /[0:0:0:0:0:0:0:1]:64342 | Method: GET | URI: /api/graph
[2026-06-30 15:15:06.667] [INFO] Client: /[0:0:0:0:0:0:0:1]:51170 | Method: GET | URI: /api/graph
[2026-06-30 15:15:07.681] [INFO] Client: /[0:0:0:0:0:0:0:1]:51547 | Method: GET | URI: /api/graph
[2026-06-30 15:15:08.676] [INFO] Client: /[0:0:0:0:0:0:0:1]:49669 | Method: GET | URI: /api/graph
[2026-06-30 15:15:09.668] [INFO] Client: /[0:0:0:0:0:0:0:1]:54829 | Method: GET | URI: /api/graph
[2026-06-30 15:15:10.676] [INFO] Client: /[0:0:0:0:0:0:0:1]:63805 | Method: GET | URI: /api/graph
[2026-06-30 15:15:11.673] [INFO] Client: /[0:0:0:0:0:0:0:1]:53934 | Method: GET | URI: /api/graph
[2026-06-30 15:15:12.674] [INFO] Client: /[0:0:0:0:0:0:0:1]:55508 | Method: GET | URI: /api/graph
[2026-06-30 15:15:13.673] [INFO] Client: /[0:0:0:0:0:0:0:1]:53330 | Method: GET | URI: /api/graph
[2026-06-30 15:15:14.675] [INFO] Client: /[0:0:0:0:0:0:0:1]:51128 | Method: GET | URI: /api/graph
[2026-06-30 15:15:15.676] [INFO] Client: /[0:0:0:0:0:0:0:1]:62038 | Method: GET | URI: /api/graph
[2026-06-30 15:15:16.670] [INFO] Client: /[0:0:0:0:0:0:0:1]:50668 | Method: GET | URI: /api/graph
[2026-06-30 15:15:17.679] [INFO] Client: /[0:0:0:0:0:0:0:1]:54913 | Method: GET | URI: /api/graph
[2026-06-30 15:15:18.667] [INFO] Client: /[0:0:0:0:0:0:0:1]:60595 | Method: GET | URI: /api/graph
[2026-06-30 15:15:19.677] [INFO] Client: /[0:0:0:0:0:0:0:1]:51439 | Method: GET | URI: /api/graph
[2026-06-30 15:15:20.672] [INFO] Client: /[0:0:0:0:0:0:0:1]:56209 | Method: GET | URI: /api/graph
[2026-06-30 15:15:21.683] [INFO] Client: /[0:0:0:0:0:0:0:1]:51337 | Method: GET | URI: /api/graph
[2026-06-30 15:15:22.678] [INFO] Client: /[0:0:0:0:0:0:0:1]:52156 | Method: GET | URI: /api/graph
[2026-06-30 15:15:23.673] [INFO] Client: /[0:0:0:0:0:0:0:1]:61073 | Method: GET | URI: /api/graph
[2026-06-30 15:15:24.672] [INFO] Client: /[0:0:0:0:0:0:0:1]:58146 | Method: GET | URI: /api/graph
[2026-06-30 15:15:25.666] [INFO] Client: /[0:0:0:0:0:0:0:1]:57227 | Method: GET | URI: /api/graph
[2026-06-30 15:15:26.061] [INFO] Client: /[0:0:0:0:0:0:0:1]:50329 | Method: POST | URI: /upload
[2026-06-30 15:15:26.141] [INFO] Client: /[0:0:0:0:0:0:0:1]:64484 | Method: GET | URI: /app/graph.js
[2026-06-30 15:15:26.141] [INFO] Client: /[0:0:0:0:0:0:0:1]:60465 | Method: GET | URI: /app/graph.css
[2026-06-30 15:15:26.158] [INFO] Client: /[0:0:0:0:0:0:0:1]:56943 | Method: GET | URI: /api/graph
[2026-06-30 15:15:27.172] [INFO] Client: /[0:0:0:0:0:0:0:1]:55975 | Method: GET | URI: /api/graph
[2026-06-30 15:15:28.165] [INFO] Client: /[0:0:0:0:0:0:0:1]:61366 | Method: GET | URI: /api/graph
[2026-06-30 15:15:29.174] [INFO] Client: /[0:0:0:0:0:0:0:1]:52033 | Method: GET | URI: /api/graph
[2026-06-30 15:15:30.169] [INFO] Client: /[0:0:0:0:0:0:0:1]:54637 | Method: GET | URI: /api/graph
[2026-06-30 15:15:31.160] [INFO] Client: /[0:0:0:0:0:0:0:1]:64310 | Method: GET | URI: /api/graph
[2026-06-30 15:15:32.172] [INFO] Client: /[0:0:0:0:0:0:0:1]:62596 | Method: GET | URI: /api/graph
[2026-06-30 15:15:33.167] [INFO] Client: /[0:0:0:0:0:0:0:1]:49743 | Method: GET | URI: /api/graph
[2026-06-30 15:15:34.163] [INFO] Client: /[0:0:0:0:0:0:0:1]:49856 | Method: GET | URI: /api/graph
[2026-06-30 15:15:35.159] [INFO] Client: /[0:0:0:0:0:0:0:1]:62941 | Method: GET | URI: /api/graph
[2026-06-30 15:15:36.166] [INFO] Client: /[0:0:0:0:0:0:0:1]:62617 | Method: GET | URI: /api/graph
[2026-06-30 15:15:37.173] [INFO] Client: /[0:0:0:0:0:0:0:1]:54424 | Method: GET | URI: /api/graph
[2026-06-30 15:15:38.171] [INFO] Client: /[0:0:0:0:0:0:0:1]:60011 | Method: GET | URI: /api/graph
[2026-06-30 15:15:39.162] [INFO] Client: /[0:0:0:0:0:0:0:1]:65117 | Method: GET | URI: /api/graph
[2026-06-30 15:15:40.170] [INFO] Client: /[0:0:0:0:0:0:0:1]:53107 | Method: GET | URI: /api/graph
[2026-06-30 15:15:41.167] [INFO] Client: /[0:0:0:0:0:0:0:1]:59407 | Method: GET | URI: /api/graph
[2026-06-30 15:15:42.164] [INFO] Client: /[0:0:0:0:0:0:0:1]:53649 | Method: GET | URI: /api/graph
[2026-06-30 15:15:43.171] [INFO] Client: /[0:0:0:0:0:0:0:1]:54590 | Method: GET | URI: /api/graph
[2026-06-30 15:15:44.167] [INFO] Client: /[0:0:0:0:0:0:0:1]:64883 | Method: GET | URI: /api/graph
[2026-06-30 15:15:45.165] [INFO] Client: /[0:0:0:0:0:0:0:1]:56800 | Method: GET | URI: /api/graph
[2026-06-30 15:15:46.167] [INFO] Client: /[0:0:0:0:0:0:0:1]:53074 | Method: GET | URI: /api/graph
[2026-06-30 15:15:47.168] [INFO] Client: /[0:0:0:0:0:0:0:1]:52533 | Method: GET | URI: /api/graph
[2026-06-30 15:15:48.162] [INFO] Client: /[0:0:0:0:0:0:0:1]:59771 | Method: GET | URI: /api/graph
[2026-06-30 15:15:49.162] [INFO] Client: /[0:0:0:0:0:0:0:1]:65286 | Method: GET | URI: /api/graph
[2026-06-30 15:15:50.170] [INFO] Client: /[0:0:0:0:0:0:0:1]:50068 | Method: GET | URI: /api/graph
[2026-06-30 15:15:51.162] [INFO] Client: /[0:0:0:0:0:0:0:1]:62336 | Method: GET | URI: /api/graph
